  SimMain.cpp
e:\newdx12project\dx12base\dxsim\frameresource.h(49): warning C4305: 'initializing': truncation from 'double' to 'float'
e:\newdx12project\dx12base\dxsim\frameresource.h(50): warning C4305: 'initializing': truncation from 'double' to 'float'
e:\newdx12project\dx12base\dxsim\frameresource.h(51): warning C4305: 'initializing': truncation from 'double' to 'float'
e:\newdx12project\dx12base\dxsim\frameresource.h(52): warning C4305: 'initializing': truncation from 'double' to 'float'
e:\newdx12project\dx12base\dxsim\frameresource.h(53): warning C4305: 'initializing': truncation from 'double' to 'float'
e:\newdx12project\dx12base\dxsim\simmain.cpp(96): warning C4305: 'initializing': truncation from 'double' to 'float'
e:\newdx12project\dx12base\dxsim\simmain.cpp(97): warning C4305: 'initializing': truncation from 'double' to 'float'
e:\newdx12project\dx12base\dxsim\simmain.cpp(98): warning C4305: 'initializing': truncation from 'double' to 'float'
e:\newdx12project\dx12base\dxsim\simmain.cpp(99): warning C4305: 'initializing': truncation from 'double' to 'float'
e:\newdx12project\dx12base\dxsim\simmain.cpp(100): warning C4305: 'initializing': truncation from 'double' to 'float'
e:\newdx12project\dx12base\dxsim\simmain.cpp(523): warning C4305: 'argument': truncation from 'double' to 'float'
e:\newdx12project\dx12base\dxsim\simmain.cpp(524): warning C4305: 'argument': truncation from 'double' to 'float'
c:\program files (x86)\microsoft visual studio\2017\community\vc\tools\msvc\14.15.26726\include\memory(2539): warning C4244: 'argument': conversion from '_Ty' to 'int', possible loss of data
          with
          [
              _Ty=float
          ]
  e:\newdx12project\dx12base\dxsim\simmain.cpp(285): note: see reference to function template instantiation 'std::unique_ptr<UAVtex,std::default_delete<_Ty>> std::make_unique<UAVtex,T*,ID3D12GraphicsCommandList*,int,int,float,0>(T *&&,ID3D12GraphicsCommandList *&&,int &&,int &&,float &&)' being compiled
          with
          [
              _Ty=UAVtex,
              T=ID3D12Device
          ]
  Generating code
  1 of 3683 functions (<0.1%) were compiled, the rest were copied from previous compilation.
    0 functions were new in current compilation
    3 functions had inline decision re-evaluated but remain unchanged
  Finished generating code
  DXSim.vcxproj -> E:\newDX12project\DX12base\DXSim\x64\Release\DXSim.exe
