e:\newdx12project\dx12base\dxsim\dxsim\x64\debug\vc141.pdb
e:\newdx12project\dx12base\dxsim\dxsim\x64\debug\vc141.idb
e:\newdx12project\dx12base\dxsim\dxsim\x64\debug\imgui_widgets.obj
e:\newdx12project\dx12base\dxsim\dxsim\x64\debug\imgui_impl_win32.obj
e:\newdx12project\dx12base\dxsim\dxsim\x64\debug\imgui_impl_dx12.obj
e:\newdx12project\dx12base\dxsim\dxsim\x64\debug\imgui_draw.obj
e:\newdx12project\dx12base\dxsim\dxsim\x64\debug\imgui.obj
e:\newdx12project\dx12base\dxsim\dxsim\x64\debug\frameresource.obj
e:\newdx12project\dx12base\dxsim\dxsim\x64\debug\mathhelper.obj
e:\newdx12project\dx12base\dxsim\dxsim\x64\debug\geometrygenerator.obj
e:\newdx12project\dx12base\dxsim\dxsim\x64\debug\gametimer.obj
e:\newdx12project\dx12base\dxsim\dxsim\x64\debug\ddstextureloader.obj
e:\newdx12project\dx12base\dxsim\dxsim\x64\debug\d3dutil.obj
e:\newdx12project\dx12base\dxsim\dxsim\x64\debug\d3dapp.obj
e:\newdx12project\dx12base\dxsim\dxsim\x64\debug\camera.obj
e:\newdx12project\dx12base\dxsim\dxsim\x64\debug\clothcomp.obj
e:\newdx12project\dx12base\dxsim\dxsim\x64\debug\simmain.obj
e:\newdx12project\dx12base\dxsim\dxsim\x64\debug\gpuwaves.obj
e:\newdx12project\dx12base\dxsim\x64\debug\dxsim.exe
e:\newdx12project\dx12base\dxsim\x64\debug\dxsim.ilk
e:\newdx12project\dx12base\dxsim\x64\debug\dxsim.pdb
e:\newdx12project\dx12base\dxsim\dxsim\x64\debug\dxsim.tlog\cl.command.1.tlog
e:\newdx12project\dx12base\dxsim\dxsim\x64\debug\dxsim.tlog\cl.read.1.tlog
e:\newdx12project\dx12base\dxsim\dxsim\x64\debug\dxsim.tlog\cl.write.1.tlog
e:\newdx12project\dx12base\dxsim\dxsim\x64\debug\dxsim.tlog\fxc.command.1.tlog
e:\newdx12project\dx12base\dxsim\dxsim\x64\debug\dxsim.tlog\fxc.read.1.tlog
e:\newdx12project\dx12base\dxsim\dxsim\x64\debug\dxsim.tlog\link.command.1.tlog
e:\newdx12project\dx12base\dxsim\dxsim\x64\debug\dxsim.tlog\link.read.1.tlog
e:\newdx12project\dx12base\dxsim\dxsim\x64\debug\dxsim.tlog\link.write.1.tlog
